<?xml version="1.0" encoding="utf-8"?><testsuites name="pytest tests"><testsuite name="pytest" errors="0" failures="0" skipped="0" tests="19" time="1.427" timestamp="2026-06-24T13:51:15.660170+08:00" hostname="LAPTOP-0POPJDKH"><testcase classname="testcase.Business interface.test_business_scenario.TestEBusinessScenario" name="test_business_scenario[case_info0]" time="0.202" /><testcase classname="testcase.Business interface.test_business_scenario.TestEBusinessScenario" name="test_business_scenario[case_info1]" time="0.027" /><testcase classname="testcase.Business interface.test_business_scenario.TestEBusinessScenario" name="test_business_scenario[case_info2]" time="0.045" /><testcase classname="testcase.Business interface.test_business_scenario.TestEBusinessScenario" name="test_business_scenario[case_info3]" time="0.026" /><testcase classname="testcase.Business interface.test_business_scenario.TestEBusinessScenario" name="test_business_scenario[case_info4]" time="0.021" /><testcase classname="testcase.ProductManager.test_productList.TestLogin" name="test_get_product_list[base_info0-testcase0]" time="0.021" /><testcase classname="testcase.ProductManager.test_productList.TestLogin" name="test_get_product_detail[base_info0-testcase0]" time="0.021" /><testcase classname="testcase.ProductManager.test_productList.TestLogin" name="test_commit_order[base_info0-testcase0]" time="0.037" /><testcase classname="testcase.ProductManager.test_productList.TestLogin" name="test_order_pay[base_info0-testcase0]" time="0.041" /><testcase classname="testcase.Single interface.test_debug_api.TestUserManager" name="test_add_user[base_info0-testcase0]" time="0.023" /><testcase classname="testcase.Single interface.test_debug_api.TestUserManager" name="test_add_user[base_info1-testcase1]" time="0.024" /><testcase classname="testcase.Single interface.test_debug_api.TestUserManager" name="test_add_user[base_info2-testcase2]" time="0.034" /><testcase classname="testcase.Single interface.test_debug_api.TestUserManager" name="test_add_user[base_info3-testcase3]" time="0.030" /><testcase classname="testcase.Single interface.test_debug_api.TestUserManager" name="test_update_user[base_info0-testcase0]" time="0.032" /><testcase classname="testcase.Single interface.test_debug_api.TestUserManager" name="test_delete_user[base_info0-testcase0]" time="0.040" /><testcase classname="testcase.Single interface.test_debug_api.TestUserManager" name="test_delete_user[base_info1-testcase1]" time="0.017" /><testcase classname="testcase.Single interface.test_debug_api.TestUserManager" name="test_delete_user[base_info2-testcase2]" time="0.039" /><testcase classname="testcase.Single interface.test_debug_api.TestUserManager" name="test_delete_user[base_info3-testcase3]" time="0.029" /><testcase classname="testcase.Single interface.test_debug_api.TestUserManager" name="test_query_user[base_info0-testcase0]" time="0.016" /></testsuite></testsuites>